2015-11-27 15:49:57.893 INFO  org.springframework.web.context.ContextLoader [initWebApplicationContext:285] - Root WebApplicationContext: initialization started
2015-11-27 15:49:57.956 INFO  org.springframework.web.context.support.XmlWebApplicationContext [prepareRefresh:513] - Refreshing Root WebApplicationContext: startup date [Fri Nov 27 15:49:57 CST 2015]; root of context hierarchy
2015-11-27 15:49:57.983 INFO  org.springframework.beans.factory.xml.XmlBeanDefinitionReader [loadBeanDefinitions:316] - Loading XML bean definitions from URL [file:/F:/workspace/jobWorkSpace/spring-mvc-archetype/target/classes/spring/applicationContext.xml]
2015-11-27 15:49:58.187 INFO  org.springframework.context.support.PropertySourcesPlaceholderConfigurer [loadProperties:172] - Loading properties file from file [F:\workspace\jobWorkSpace\spring-mvc-archetype\target\classes\application.properties]
2015-11-27 15:49:58.208 INFO  org.springframework.web.context.ContextLoader [initWebApplicationContext:325] - Root WebApplicationContext: initialization completed in 312 ms
2015-11-27 15:49:58.209 DEBUG cn.yesway.listener.InitListener [contextInitialized:17] - Application Start.....
2015-11-27 15:50:58.728 INFO  org.springframework.web.context.ContextLoader [initWebApplicationContext:285] - Root WebApplicationContext: initialization started
2015-11-27 15:50:58.796 INFO  org.springframework.web.context.support.XmlWebApplicationContext [prepareRefresh:513] - Refreshing Root WebApplicationContext: startup date [Fri Nov 27 15:50:58 CST 2015]; root of context hierarchy
2015-11-27 15:50:58.826 INFO  org.springframework.beans.factory.xml.XmlBeanDefinitionReader [loadBeanDefinitions:316] - Loading XML bean definitions from URL [file:/F:/workspace/jobWorkSpace/spring-mvc-archetype/target/classes/spring/applicationContext.xml]
2015-11-27 15:50:59.016 INFO  org.springframework.context.support.PropertySourcesPlaceholderConfigurer [loadProperties:172] - Loading properties file from file [F:\workspace\jobWorkSpace\spring-mvc-archetype\target\classes\application.properties]
2015-11-27 15:50:59.040 INFO  org.springframework.web.context.ContextLoader [initWebApplicationContext:325] - Root WebApplicationContext: initialization completed in 309 ms
2015-11-27 15:50:59.040 DEBUG cn.yesway.listener.InitListener [contextInitialized:17] - Application Start.....
2015-11-27 15:51:11.320 INFO  org.springframework.web.servlet.DispatcherServlet [initServletBean:479] - FrameworkServlet 'spring-mvc': initialization started
2015-11-27 15:51:11.324 INFO  org.springframework.web.context.support.XmlWebApplicationContext [prepareRefresh:513] - Refreshing WebApplicationContext for namespace 'spring-mvc-servlet': startup date [Fri Nov 27 15:51:11 CST 2015]; parent: Root WebApplicationContext
2015-11-27 15:51:11.325 INFO  org.springframework.beans.factory.xml.XmlBeanDefinitionReader [loadBeanDefinitions:316] - Loading XML bean definitions from URL [file:/F:/workspace/jobWorkSpace/spring-mvc-archetype/target/classes/spring/spring-mvc.xml]
2015-11-27 15:51:11.525 INFO  o.springframework.web.servlet.mvc.method.annotation.RequestMappingHandlerMapping [registerHandlerMethod:182] - Mapped "{[/test/user/{nickname}/{age}],methods=[],params=[],headers=[],consumes=[],produces=[],custom=[]}" onto public java.lang.String cn.yesway.controller.TestController.getUserInfo(java.lang.String,int)
2015-11-27 15:51:11.525 INFO  o.springframework.web.servlet.mvc.method.annotation.RequestMappingHandlerMapping [registerHandlerMethod:182] - Mapped "{[/test/list],methods=[POST],params=[],headers=[],consumes=[],produces=[],custom=[]}" onto public java.lang.String cn.yesway.controller.TestController.getList()
2015-11-27 15:51:11.525 INFO  o.springframework.web.servlet.mvc.method.annotation.RequestMappingHandlerMapping [registerHandlerMethod:182] - Mapped "{[/test/test],methods=[],params=[],headers=[],consumes=[],produces=[],custom=[]}" onto public java.lang.String cn.yesway.controller.TestController.test(int)
2015-11-27 15:51:11.526 INFO  o.springframework.web.servlet.mvc.method.annotation.RequestMappingHandlerMapping [registerHandlerMethod:182] - Mapped "{[/test/text],methods=[],params=[],headers=[],consumes=[],produces=[],custom=[]}" onto public java.lang.String cn.yesway.controller.TestController.getText()
2015-11-27 15:51:11.526 INFO  o.springframework.web.servlet.mvc.method.annotation.RequestMappingHandlerMapping [registerHandlerMethod:182] - Mapped "{[/test],methods=[GET],params=[java],headers=[],consumes=[],produces=[],custom=[]}" onto public java.lang.String cn.yesway.controller.TestController.java()
2015-11-27 15:51:11.526 INFO  o.springframework.web.servlet.mvc.method.annotation.RequestMappingHandlerMapping [registerHandlerMethod:182] - Mapped "{[/test/body],methods=[],params=[],headers=[],consumes=[],produces=[],custom=[]}" onto public java.lang.String cn.yesway.controller.TestController.getBody(java.lang.String)
2015-11-27 15:51:11.527 INFO  o.springframework.web.servlet.mvc.method.annotation.RequestMappingHandlerMapping [registerHandlerMethod:182] - Mapped "{[/test/login],methods=[GET],params=[],headers=[],consumes=[],produces=[],custom=[]}" onto public java.lang.String cn.yesway.controller.TestController.login(javax.servlet.http.HttpServletRequest,javax.servlet.http.HttpServletResponse,org.springframework.ui.ModelMap)
2015-11-27 15:51:11.527 INFO  o.springframework.web.servlet.mvc.method.annotation.RequestMappingHandlerMapping [registerHandlerMethod:182] - Mapped "{[/test/tt],methods=[GET],params=[],headers=[],consumes=[],produces=[],custom=[]}" onto public java.lang.String cn.yesway.controller.TestController.tt(javax.servlet.http.HttpServletRequest,javax.servlet.http.HttpServletResponse,org.springframework.ui.ModelMap)
2015-11-27 15:51:11.527 INFO  o.springframework.web.servlet.mvc.method.annotation.RequestMappingHandlerMapping [registerHandlerMethod:182] - Mapped "{[/test/login],methods=[POST],params=[],headers=[],consumes=[],produces=[],custom=[]}" onto public java.lang.String cn.yesway.controller.TestController.validUser(java.lang.String,java.lang.String,javax.servlet.http.HttpServletRequest,javax.servlet.http.HttpServletResponse,org.springframework.ui.ModelMap)
2015-11-27 15:51:11.527 INFO  o.springframework.web.servlet.mvc.method.annotation.RequestMappingHandlerMapping [registerHandlerMethod:182] - Mapped "{[/test/story/{page}],methods=[],params=[],headers=[],consumes=[],produces=[],custom=[]}" onto public java.lang.String cn.yesway.controller.TestController.story(java.lang.String)
2015-11-27 15:51:11.528 INFO  o.springframework.web.servlet.mvc.method.annotation.RequestMappingHandlerMapping [registerHandlerMethod:182] - Mapped "{[/test/login2],methods=[],params=[],headers=[],consumes=[],produces=[],custom=[]}" onto public java.lang.String cn.yesway.controller.TestController.login2(org.springframework.web.servlet.mvc.support.RedirectAttributes)
2015-11-27 15:51:11.528 INFO  o.springframework.web.servlet.mvc.method.annotation.RequestMappingHandlerMapping [registerHandlerMethod:182] - Mapped "{[/test],methods=[GET || POST],params=[hello=world],headers=[],consumes=[],produces=[],custom=[]}" onto public java.lang.String cn.yesway.controller.TestController.helloworld()
2015-11-27 15:51:11.528 INFO  o.springframework.web.servlet.mvc.method.annotation.RequestMappingHandlerMapping [registerHandlerMethod:182] - Mapped "{[/test],methods=[POST],params=[],headers=[hello=world],consumes=[],produces=[],custom=[]}" onto public java.lang.String cn.yesway.controller.TestController.cplusplus()
2015-11-27 15:51:11.529 INFO  o.springframework.web.servlet.mvc.method.annotation.RequestMappingHandlerMapping [registerHandlerMethod:182] - Mapped "{[/test/test2],methods=[],params=[],headers=[],consumes=[],produces=[],custom=[]}" onto public java.lang.String cn.yesway.controller.TestController.test2(int,java.lang.Integer,cn.yesway.entity.User)
2015-11-27 15:51:11.529 INFO  o.springframework.web.servlet.mvc.method.annotation.RequestMappingHandlerMapping [registerHandlerMethod:182] - Mapped "{[/test/user/json],methods=[],params=[],headers=[],consumes=[],produces=[],custom=[]}" onto public cn.yesway.entity.User cn.yesway.controller.TestController.getUser()
2015-11-27 15:51:11.529 INFO  o.springframework.web.servlet.mvc.method.annotation.RequestMappingHandlerMapping [registerHandlerMethod:182] - Mapped "{[/test/json],methods=[],params=[],headers=[],consumes=[],produces=[],custom=[]}" onto public java.util.Map<java.lang.String, java.lang.Object> cn.yesway.controller.TestController.getJson()
2015-11-27 15:51:11.529 INFO  o.springframework.web.servlet.mvc.method.annotation.RequestMappingHandlerMapping [registerHandlerMethod:182] - Mapped "{[/test/jsonp],methods=[],params=[],headers=[],consumes=[],produces=[],custom=[]}" onto public com.fasterxml.jackson.databind.util.JSONPObject cn.yesway.controller.TestController.getJsonp(org.springframework.ui.ModelMap,java.lang.String)
2015-11-27 15:51:11.530 INFO  o.springframework.web.servlet.mvc.method.annotation.RequestMappingHandlerMapping [registerHandlerMethod:182] - Mapped "{[/test/text1],methods=[],params=[],headers=[],consumes=[],produces=[],custom=[]}" onto public void cn.yesway.controller.TestController.getText1(javax.servlet.http.HttpServletRequest,javax.servlet.http.HttpServletResponse,org.springframework.ui.ModelMap)
2015-11-27 15:51:11.817 INFO  org.springframework.web.servlet.handler.SimpleUrlHandlerMapping [registerHandler:315] - Mapped URL path [/**] onto handler 'org.springframework.web.servlet.resource.ResourceHttpRequestHandler#0'
2015-11-27 15:51:11.828 INFO  org.springframework.web.servlet.DispatcherServlet [initServletBean:498] - FrameworkServlet 'spring-mvc': initialization completed in 507 ms
2015-11-27 15:51:14.394 DEBUG cn.yesway.interceptor.ExecuteTimeInterceptor [postHandle:43] - [public java.lang.String cn.yesway.controller.TestController.tt(javax.servlet.http.HttpServletRequest,javax.servlet.http.HttpServletResponse,org.springframework.ui.ModelMap)] executeTime: 2543ms
2015-11-27 15:51:45.949 DEBUG cn.yesway.interceptor.ExecuteTimeInterceptor [postHandle:43] - [public java.lang.String cn.yesway.controller.TestController.tt(javax.servlet.http.HttpServletRequest,javax.servlet.http.HttpServletResponse,org.springframework.ui.ModelMap)] executeTime: 2ms
2015-11-27 15:51:46.810 DEBUG cn.yesway.listener.SessionListener [sessionCreated:28] - sessionCreated:{sessionID:11cbq05eupfljjbwfqabyfu2d}
2015-11-27 15:51:57.827 DEBUG cn.yesway.interceptor.ExecuteTimeInterceptor [postHandle:43] - [public java.lang.String cn.yesway.controller.TestController.tt(javax.servlet.http.HttpServletRequest,javax.servlet.http.HttpServletResponse,org.springframework.ui.ModelMap)] executeTime: 1ms
2015-11-27 15:52:03.353 DEBUG cn.yesway.interceptor.ExecuteTimeInterceptor [postHandle:43] - [public java.lang.String cn.yesway.controller.TestController.tt(javax.servlet.http.HttpServletRequest,javax.servlet.http.HttpServletResponse,org.springframework.ui.ModelMap)] executeTime: 1ms
2015-11-27 15:56:24.824 INFO  org.springframework.web.context.ContextLoader [initWebApplicationContext:285] - Root WebApplicationContext: initialization started
2015-11-27 15:56:24.893 INFO  org.springframework.web.context.support.XmlWebApplicationContext [prepareRefresh:513] - Refreshing Root WebApplicationContext: startup date [Fri Nov 27 15:56:24 CST 2015]; root of context hierarchy
2015-11-27 15:56:24.923 INFO  org.springframework.beans.factory.xml.XmlBeanDefinitionReader [loadBeanDefinitions:316] - Loading XML bean definitions from URL [file:/F:/workspace/jobWorkSpace/spring-mvc-archetype/target/classes/spring/applicationContext.xml]
2015-11-27 15:56:25.114 INFO  org.springframework.context.support.PropertySourcesPlaceholderConfigurer [loadProperties:172] - Loading properties file from file [F:\workspace\jobWorkSpace\spring-mvc-archetype\target\classes\application.properties]
2015-11-27 15:56:25.138 INFO  org.springframework.web.context.ContextLoader [initWebApplicationContext:325] - Root WebApplicationContext: initialization completed in 311 ms
2015-11-27 15:56:25.139 DEBUG cn.yesway.listener.InitListener [contextInitialized:17] - Application Start.....
